
> vibe-generated-app@1.0.0 dev
> vite


  VITE v5.4.20  ready in 267 ms

  ➜  Local:   http://localhost:3000/
  ➜  Network: http://172.20.11.111:3000/
6:25:55 AM [vite] Pre-transform error: Failed to resolve import "canvas-confetti" from "src/components/ContactSection.jsx". Does the file exist?
6:25:56 AM [vite] Internal server error: Failed to resolve import "canvas-confetti" from "src/components/ContactSection.jsx". Does the file exist?
  Plugin: vite:import-analysis
  File: /home/workspace/src/components/ContactSection.jsx:3:21
  2  |  import { useState } from "react";
  3  |  import { Mail, Send, Linkedin, Github } from "lucide-react";
  4  |  import confetti from "canvas-confetti";
     |                        ^
  5  |  export default function ContactSection() {
  6  |    const [form, setForm] = useState({ name: "", email: "", budget: "", message: "" });
      at TransformPluginContext._formatError (file:///home/workspace/node_modules/vite/dist/node/chunks/dep-D_zLpgQd.js:49258:41)
      at TransformPluginContext.error (file:///home/workspace/node_modules/vite/dist/node/chunks/dep-D_zLpgQd.js:49253:16)
      at normalizeUrl (file:///home/workspace/node_modules/vite/dist/node/chunks/dep-D_zLpgQd.js:64306:23)
      at process.processTicksAndRejections (node:internal/process/task_queues:105:5)
      at async file:///home/workspace/node_modules/vite/dist/node/chunks/dep-D_zLpgQd.js:64438:39
      at async Promise.all (index 3)
      at async TransformPluginContext.transform (file:///home/workspace/node_modules/vite/dist/node/chunks/dep-D_zLpgQd.js:64365:7)
      at async PluginContainer.transform (file:///home/workspace/node_modules/vite/dist/node/chunks/dep-D_zLpgQd.js:49099:18)
      at async loadAndTransform (file:///home/workspace/node_modules/vite/dist/node/chunks/dep-D_zLpgQd.js:51977:27)
      at async viteTransformMiddleware (file:///home/workspace/node_modules/vite/dist/node/chunks/dep-D_zLpgQd.js:62105:24)
6:26:18 AM [vite] Internal server error: Failed to resolve import "canvas-confetti" from "src/components/ContactSection.jsx". Does the file exist?
  Plugin: vite:import-analysis
  File: /home/workspace/src/components/ContactSection.jsx:3:21
  2  |  import { useState } from "react";
  3  |  import { Mail, Send, Linkedin, Github } from "lucide-react";
  4  |  import confetti from "canvas-confetti";
     |                        ^
  5  |  export default function ContactSection() {
  6  |    const [form, setForm] = useState({ name: "", email: "", budget: "", message: "" });
      at TransformPluginContext._formatError (file:///home/workspace/node_modules/vite/dist/node/chunks/dep-D_zLpgQd.js:49258:41)
      at TransformPluginContext.error (file:///home/workspace/node_modules/vite/dist/node/chunks/dep-D_zLpgQd.js:49253:16)
      at normalizeUrl (file:///home/workspace/node_modules/vite/dist/node/chunks/dep-D_zLpgQd.js:64306:23)
      at process.processTicksAndRejections (node:internal/process/task_queues:105:5)
      at async file:///home/workspace/node_modules/vite/dist/node/chunks/dep-D_zLpgQd.js:64438:39
      at async Promise.all (index 3)
      at async TransformPluginContext.transform (file:///home/workspace/node_modules/vite/dist/node/chunks/dep-D_zLpgQd.js:64365:7)
      at async PluginContainer.transform (file:///home/workspace/node_modules/vite/dist/node/chunks/dep-D_zLpgQd.js:49099:18)
      at async loadAndTransform (file:///home/workspace/node_modules/vite/dist/node/chunks/dep-D_zLpgQd.js:51977:27)
      at async viteTransformMiddleware (file:///home/workspace/node_modules/vite/dist/node/chunks/dep-D_zLpgQd.js:62105:24)
